<?xml version="1.0" encoding="UTF-8"?>
<!-- Generated by org.testng.reporters.JUnitReportReporter -->
<testsuite skipped="0" hostname="LENOVO-PC" name="testCases.LoginTestCases" tests="4" failures="0" timestamp="10 Mar 2022 17:54:09 GMT" time="139.679" errors="0">
  <testcase name="LoginTest" time="31.275" classname="testCases.LoginTestCases"/>
  <testcase name="LoginTest" time="43.713" classname="testCases.LoginTestCases"/>
  <testcase name="LoginTest" time="33.392" classname="testCases.LoginTestCases"/>
  <testcase name="LoginTest" time="31.299" classname="testCases.LoginTestCases"/>
</testsuite> <!-- testCases.LoginTestCases -->
