<?xml version="1.0" encoding="UTF-8"?>
<!-- Generated by org.testng.reporters.JUnitReportReporter -->
<testsuite skipped="0" hostname="LENOVO-PC" name="testCases.AdminChecking" tests="1" failures="0" timestamp="10 Mar 2022 17:54:08 GMT" time="27.868" errors="0">
  <testcase name="adminCheckTestCase" time="27.868" classname="testCases.AdminChecking"/>
</testsuite> <!-- testCases.AdminChecking -->
